<?xml version="1.0" encoding="UTF-8"?>
<testng-results total="3" passed="3" failed="0" skipped="0">
  <reporter-output>
  </reporter-output>
  <suite started-at="2020-06-29T16:36:16Z" name="Default suite" finished-at="2020-06-29T16:36:29Z" duration-ms="13555">
    <groups>
    </groups>
    <test started-at="2020-06-29T16:36:16Z" name="Default test" finished-at="2020-06-29T16:36:29Z" duration-ms="13555">
      <class name="DynamicJson">
        <test-method signature="addBook(java.lang.String, java.lang.String)[pri:0, instance:DynamicJson@1c7696c6]" started-at="2020-06-29T22:06:16Z" name="addBook" data-provider="BooksData" finished-at="2020-06-29T22:06:27Z" duration-ms="11326" status="PASS">
          <params>
            <param index="0">
              <value>
                <![CDATA[abcde]]>
              </value>
            </param>
            <param index="1">
              <value>
                <![CDATA[12345]]>
              </value>
            </param>
          </params>
          <reporter-output>
          </reporter-output>
        </test-method> <!-- addBook -->
        <test-method signature="addBook(java.lang.String, java.lang.String)[pri:0, instance:DynamicJson@1c7696c6]" started-at="2020-06-29T22:06:27Z" name="addBook" data-provider="BooksData" finished-at="2020-06-29T22:06:28Z" duration-ms="841" status="PASS">
          <params>
            <param index="0">
              <value>
                <![CDATA[acdef]]>
              </value>
            </param>
            <param index="1">
              <value>
                <![CDATA[13456]]>
              </value>
            </param>
          </params>
          <reporter-output>
          </reporter-output>
        </test-method> <!-- addBook -->
        <test-method signature="addBook(java.lang.String, java.lang.String)[pri:0, instance:DynamicJson@1c7696c6]" started-at="2020-06-29T22:06:28Z" name="addBook" data-provider="BooksData" finished-at="2020-06-29T22:06:29Z" duration-ms="1353" status="PASS">
          <params>
            <param index="0">
              <value>
                <![CDATA[adefg]]>
              </value>
            </param>
            <param index="1">
              <value>
                <![CDATA[14567]]>
              </value>
            </param>
          </params>
          <reporter-output>
          </reporter-output>
        </test-method> <!-- addBook -->
      </class> <!-- DynamicJson -->
    </test> <!-- Default test -->
  </suite> <!-- Default suite -->
</testng-results>
